#
# A fatal error has been detected by the Java Runtime Environment:
#
#  EXCEPTION_ACCESS_VIOLATION (0xc0000005) at pc=0x00007ffcefa04850, pid=24348, tid=4332
#
# JRE version: OpenJDK Runtime Environment Corretto-15.0.2.7.1 (15.0.2+7) (build 15.0.2+7)
# Java VM: OpenJDK 64-Bit Server VM Corretto-15.0.2.7.1 (15.0.2+7, mixed mode, sharing, tiered, compressed oops, g1 gc, windows-amd64)
# Problematic frame:
# C  [atio6axx.dll+0xc04850]
#
# No core dump will be written. Minidumps are not enabled by default on client versions of Windows
#
# If you would like to submit a bug report, please visit:
#   https://github.com/corretto/corretto-jdk/issues/
# The crash happened outside the Java Virtual Machine in native code.
# See problematic frame for where to report the bug.
#

---------------  S U M M A R Y ------------

Command Line: -javaagent:C:\Program Files\JetBrains\IntelliJ IDEA Community Edition 2022.3.2\lib\idea_rt.jar=64523:C:\Program Files\JetBrains\IntelliJ IDEA Community Edition 2022.3.2\bin -Dfile.encoding=UTF-8 p01simple.App

Host: AMD Ryzen 7 PRO 5850U with Radeon Graphics     , 16 cores, 14G,  Windows 10 , 64 bit Build 22621 (10.0.22621.1485)
Time: Thu Apr 27 14:44:01 2023 Central Europe Daylight Time elapsed time: 0.765167 seconds (0d 0h 0m 0s)

---------------  T H R E A D  ---------------

Current thread (0x0000023cffc63430):  JavaThread "main" [_thread_in_native, id=4332, stack(0x000000aa60e00000,0x000000aa60f00000)]

Stack: [0x000000aa60e00000,0x000000aa60f00000],  sp=0x000000aa60efeac0,  free space=1018k
Native frames: (J=compiled Java code, j=interpreted, Vv=VM code, C=native code)
C  [atio6axx.dll+0xc04850]

Java frames: (J=compiled Java code, j=interpreted, Vv=VM code)
j  org.lwjgl.opengl.GL20C.nglShaderSource(IIJJ)V+0
j  org.lwjgl.opengl.GL20C.glShaderSource(ILjava/lang/CharSequence;)V+38
j  org.lwjgl.opengl.GL20.glShaderSource(ILjava/lang/CharSequence;)V+2
j  lwjglutils.ShaderUtils.createShaderProgram([Ljava/lang/String;I)I+106
j  lwjglutils.ShaderUtils.loadProgram([[Ljava/lang/String;Ljava/util/function/IntConsumer;)I+154
j  lwjglutils.ShaderUtils.loadProgram([Ljava/lang/String;Ljava/util/function/IntConsumer;)I+127
j  lwjglutils.ShaderUtils.loadProgram(Ljava/lang/String;Ljava/util/function/IntConsumer;)I+30
j  lwjglutils.ShaderUtils.loadProgram(Ljava/lang/String;)I+6
j  p01simple.Renderer.init()V+76
j  p01simple.LwjglWindow.loop()V+18
j  p01simple.LwjglWindow.run()V+5
j  p01simple.LwjglWindow.<init>(IILp01simple/AbstractRenderer;Z)V+37
j  p01simple.LwjglWindow.<init>(Lp01simple/AbstractRenderer;)V+9
j  p01simple.App.main([Ljava/lang/String;)V+11
v  ~StubRoutines::call_stub

siginfo: EXCEPTION_ACCESS_VIOLATION (0xc0000005), reading address 0x0000023cac961000


Register to memory mapping:

RIP=0x00007ffcefa04850 atio6axx.dll
RAX=0x0000000000000fff is an unknown value
RBX=0x0000023cac960000 points into unknown readable memory: 0x6e6f697372657623 | 23 76 65 72 73 69 6f 6e
RCX=0x0 is NULL
RDX=0x0000000001b80649 is an unknown value
RSP=0x000000aa60efeac0 is pointing into the stack for thread: 0x0000023cffc63430
RBP=0x000000aa60efebc0 is pointing into the stack for thread: 0x0000023cffc63430
RSI=0x0 is NULL
RDI=0x0000000000000010 is an unknown value
R8 =0xffffffffffffffff is an unknown value
R9 =0x0000000000000040 is an unknown value
R10=0x0000000000000180 is an unknown value
R11=0x0000000000000004 is an unknown value
R12=0x0 is NULL
R13=0x0 is NULL
R14=0x0 is NULL
R15=0x0 is NULL


Registers:
RAX=0x0000000000000fff, RBX=0x0000023cac960000, RCX=0x0000000000000000, RDX=0x0000000001b80649
RSP=0x000000aa60efeac0, RBP=0x000000aa60efebc0, RSI=0x0000000000000000, RDI=0x0000000000000010
R8 =0xffffffffffffffff, R9 =0x0000000000000040, R10=0x0000000000000180, R11=0x0000000000000004
R12=0x0000000000000000, R13=0x0000000000000000, R14=0x0000000000000000, R15=0x0000000000000000
RIP=0x00007ffcefa04850, EFLAGS=0x0000000000010206

Top of Stack: (sp=0x000000aa60efeac0)
0x000000aa60efeac0:   0000023cfee80000 0000000000000126
0x000000aa60efead0:   0000023cad0546c0 0000023cad0546b8
0x000000aa60efeae0:   0000000000000400 00007ffd75bc9598
0x000000aa60efeaf0:   0000023cfee80000 0000023cad0546b0
0x000000aa60efeb00:   0000023cad0546b0 0000000000000080
0x000000aa60efeb10:   0000000000000100 0000000000000000
0x000000aa60efeb20:   0000000000000000 0000023cad0546b0
0x000000aa60efeb30:   0000000000000000 00007ffd36fe0178
0x000000aa60efeb40:   0000000002000000 0000000000000126
0x000000aa60efeb50:   0000000000000000 00007ffd75bcd19a
0x000000aa60efeb60:   0000000000000000 0000000000000000
0x000000aa60efeb70:   0000000000000000 0000000000000000
0x000000aa60efeb80:   0000000000000000 0000000000000000
0x000000aa60efeb90:   0000000000000000 0000023cad0546b0
0x000000aa60efeba0:   00000000000003b0 0000000000000000
0x000000aa60efebb0:   0000023cacf92980 0000000000000001 

Instructions: (pc=0x00007ffcefa04850)
0x00007ffcefa04750:   4c 24 08 55 53 56 57 41 54 41 55 41 56 41 57 48
0x00007ffcefa04760:   8d ac 24 88 fe ff ff 48 81 ec 78 02 00 00 65 48
0x00007ffcefa04770:   8b 04 25 30 00 00 00 48 8b f1 80 b9 38 03 00 00
0x00007ffcefa04780:   00 48 8b 80 48 12 00 00 48 89 45 60 74 0c e8 6d
0x00007ffcefa04790:   f1 ff ff c6 86 38 03 00 00 00 48 8b 85 e0 01 00
0x00007ffcefa047a0:   00 33 c9 bf 10 00 00 00 89 4c 24 54 44 8b e1 48
0x00007ffcefa047b0:   89 4c 24 58 8b d9 48 89 4d d0 89 08 44 8b f9 48
0x00007ffcefa047c0:   89 4d a0 8b cf 48 89 7d 30 e8 ba d3 fb 00 0f b6
0x00007ffcefa047d0:   0d ec 3c 19 01 48 89 45 f0 48 89 7d 00 88 08 33
0x00007ffcefa047e0:   c9 8b 85 d0 01 00 00 44 8b e9 48 c7 45 f8 01 00
0x00007ffcefa047f0:   00 00 48 89 4d 90 48 89 4d a8 48 89 4d c8 88 4c
0x00007ffcefa04800:   24 50 89 4c 24 60 85 c0 0f 8e d1 0a 00 00 44 8b
0x00007ffcefa04810:   f1 48 89 4d b0 4d 8d 47 ff eb 09 0f 1f 44 00 00
0x00007ffcefa04820:   4c 8b 7d a0 48 8b 9d d8 01 00 00 48 8b f1 48 89
0x00007ffcefa04830:   4d b8 48 89 4d c0 48 89 4c 24 70 4a 8b 1c f3 48
0x00007ffcefa04840:   85 db 74 55 49 8b c0 66 0f 1f 84 00 00 00 00 00
0x00007ffcefa04850:   80 7c 03 01 00 48 8d 40 01 75 f5 48 8d 78 01 48
0x00007ffcefa04860:   89 7d c0 48 85 ff 74 1c 48 8d 77 0f 48 83 e6 f0
0x00007ffcefa04870:   48 8b ce 48 89 74 24 70 e8 0b d3 fb 00 48 8b f0
0x00007ffcefa04880:   48 89 45 b8 4c 8b c7 48 8b d3 48 8b ce e8 ce f5
0x00007ffcefa04890:   fb 00 49 c7 c0 ff ff ff ff 4c 8b 65 d0 49 8d 7c
0x00007ffcefa048a0:   24 01 48 89 7d e8 49 3b ff 0f 86 37 02 00 00 49
0x00007ffcefa048b0:   83 ff 10 73 06 4d 8d 77 01 eb 14 4f 8d 34 3f 49
0x00007ffcefa048c0:   81 ff 00 02 00 00 72 07 4d 8d b7 00 02 00 00 4c
0x00007ffcefa048d0:   89 74 24 68 4d 3b f7 0f 86 05 02 00 00 b8 18 00
0x00007ffcefa048e0:   00 00 49 f7 e6 49 0f 40 c0 48 83 c0 08 49 0f 42
0x00007ffcefa048f0:   c0 48 8b c8 e8 8f d2 fb 00 33 d2 49 8b ce 4c 89
0x00007ffcefa04900:   30 4c 8d 78 08 4c 89 7d e0 49 8b c7 4d 85 f6 74
0x00007ffcefa04910:   15 48 89 10 48 89 50 08 48 89 50 10 48 8d 40 18
0x00007ffcefa04920:   48 83 e9 01 75 eb 48 8b 4c 24 58 48 85 c9 0f 84
0x00007ffcefa04930:   a5 01 00 00 4d 85 e4 0f 84 4b 01 00 00 48 8b f1
0x00007ffcefa04940:   4c 89 65 98 49 2b f7 49 8d 5f 08 48 89 75 a0 4d 


Stack slot to memory mapping:
stack at sp + 0 slots: 0x0000023cfee80000 points into unknown readable memory: 0x0000000000000000 | 00 00 00 00 00 00 00 00
stack at sp + 1 slots: 0x0000000000000126 is an unknown value
stack at sp + 2 slots: 0x0000023cad0546c0 points into unknown readable memory: 0x0000000000000000 | 00 00 00 00 00 00 00 00
stack at sp + 3 slots: 0x0000023cad0546b8 points into unknown readable memory: 0x106e86f1815448e9 | e9 48 54 81 f1 86 6e 10
stack at sp + 4 slots: 0x0000000000000400 is an unknown value
stack at sp + 5 slots: 0x00007ffd75bc9598 ntdll.dll
stack at sp + 6 slots: 0x0000023cfee80000 points into unknown readable memory: 0x0000000000000000 | 00 00 00 00 00 00 00 00
stack at sp + 7 slots: 0x0000023cad0546b0 points into unknown readable memory: 0x202020200a3a3720 | 20 37 3a 0a 20 20 20 20


---------------  P R O C E S S  ---------------

Threads class SMR info:
_java_thread_list=0x0000023ca6fba990, length=16, elements={
0x0000023cffc63430, 0x0000023ca5390300, 0x0000023ca5392de0, 0x0000023ca53c97c0,
0x0000023ca53ca080, 0x0000023ca53caa30, 0x0000023ca53cdbd0, 0x0000023ca53d9400,
0x0000023ca53e8620, 0x0000023ca5500da0, 0x0000023ca55025d0, 0x0000023ca5502b90,
0x0000023ca5523420, 0x0000023ca566e510, 0x0000023ca566e9e0, 0x0000023ca55370e0
}

Java Threads: ( => current thread )
=>0x0000023cffc63430 JavaThread "main" [_thread_in_native, id=4332, stack(0x000000aa60e00000,0x000000aa60f00000)]
  0x0000023ca5390300 JavaThread "Reference Handler" daemon [_thread_blocked, id=22564, stack(0x000000aa61500000,0x000000aa61600000)]
  0x0000023ca5392de0 JavaThread "Finalizer" daemon [_thread_blocked, id=8644, stack(0x000000aa61600000,0x000000aa61700000)]
  0x0000023ca53c97c0 JavaThread "Signal Dispatcher" daemon [_thread_blocked, id=19696, stack(0x000000aa61700000,0x000000aa61800000)]
  0x0000023ca53ca080 JavaThread "Attach Listener" daemon [_thread_blocked, id=3076, stack(0x000000aa61800000,0x000000aa61900000)]
  0x0000023ca53caa30 JavaThread "Service Thread" daemon [_thread_blocked, id=14764, stack(0x000000aa61900000,0x000000aa61a00000)]
  0x0000023ca53cdbd0 JavaThread "C2 CompilerThread0" daemon [_thread_blocked, id=25284, stack(0x000000aa61a00000,0x000000aa61b00000)]
  0x0000023ca53d9400 JavaThread "C1 CompilerThread0" daemon [_thread_blocked, id=15620, stack(0x000000aa61b00000,0x000000aa61c00000)]
  0x0000023ca53e8620 JavaThread "Sweeper thread" daemon [_thread_blocked, id=11072, stack(0x000000aa61c00000,0x000000aa61d00000)]
  0x0000023ca5500da0 JavaThread "Common-Cleaner" daemon [_thread_blocked, id=7068, stack(0x000000aa61d00000,0x000000aa61e00000)]
  0x0000023ca55025d0 JavaThread "C1 CompilerThread1" daemon [_thread_blocked, id=19204, stack(0x000000aa61e00000,0x000000aa61f00000)]
  0x0000023ca5502b90 JavaThread "C1 CompilerThread2" daemon [_thread_blocked, id=22872, stack(0x000000aa61f00000,0x000000aa62000000)]
  0x0000023ca5523420 JavaThread "C1 CompilerThread3" daemon [_thread_blocked, id=26896, stack(0x000000aa62000000,0x000000aa62100000)]
  0x0000023ca566e510 JavaThread "Monitor Ctrl-Break" daemon [_thread_in_native, id=26260, stack(0x000000aa62200000,0x000000aa62300000)]
  0x0000023ca566e9e0 JavaThread "Notification Thread" daemon [_thread_blocked, id=4300, stack(0x000000aa62300000,0x000000aa62400000)]
  0x0000023ca55370e0 JavaThread "C2 CompilerThread1" daemon [_thread_in_native, id=26540, stack(0x000000aa62100000,0x000000aa62200000)]

Other Threads:
  0x0000023ca538cb70 VMThread "VM Thread" [stack: 0x000000aa61400000,0x000000aa61500000] [id=11148]
  0x0000023cffc64420 WatcherThread [stack: 0x000000aa62400000,0x000000aa62500000] [id=19092]
  0x0000023cffcb33e0 GCTaskThread "GC Thread#0" [stack: 0x000000aa60f00000,0x000000aa61000000] [id=13084]
  0x0000023ca5c7af70 GCTaskThread "GC Thread#1" [stack: 0x000000aa62500000,0x000000aa62600000] [id=24524]
  0x0000023ca5c795f0 GCTaskThread "GC Thread#2" [stack: 0x000000aa62900000,0x000000aa62a00000] [id=23772]
  0x0000023ca5c7c5c0 GCTaskThread "GC Thread#3" [stack: 0x000000aa62a00000,0x000000aa62b00000] [id=15856]
  0x0000023ca5c79920 GCTaskThread "GC Thread#4" [stack: 0x000000aa62b00000,0x000000aa62c00000] [id=21812]
  0x0000023cffce0890 ConcurrentGCThread "G1 Main Marker" [stack: 0x000000aa61000000,0x000000aa61100000] [id=6768]
  0x0000023cffce1480 ConcurrentGCThread "G1 Conc#0" [stack: 0x000000aa61100000,0x000000aa61200000] [id=24880]
  0x0000023ca4a01550 ConcurrentGCThread "G1 Refine#0" [stack: 0x000000aa61200000,0x000000aa61300000] [id=24956]
  0x0000023ca4a02da0 ConcurrentGCThread "G1 Young RemSet Sampling" [stack: 0x000000aa61300000,0x000000aa61400000] [id=21268]

Threads with active compile tasks:
C2 CompilerThread1      857  898   !   4       jdk.internal.loader.URLClassPath$JarLoader::getResource (354 bytes)

VM state: not at safepoint (normal execution)

VM Mutex/Monitor currently owned by a thread: None

Heap address: 0x0000000712c00000, size: 3796 MB, Compressed Oops mode: Zero based, Oop shift amount: 3
CDS archive(s) mapped at: [0x0000000800000000-0x0000000800b50000-0x0000000800b50000), size 11862016, SharedBaseAddress: 0x0000000800000000, ArchiveRelocationMode: 0.
Compressed class space mapped at: 0x0000000800b50000-0x0000000840b50000, size: 1073741824
Narrow klass base: 0x0000000800000000, Narrow klass shift: 3, Narrow klass range: 0x100000000

GC Precious Log:
 CPUs: 16 total, 16 available
 Memory: 15182M
 Large Page Support: Disabled
 NUMA Support: Disabled
 Compressed Oops: Enabled (Zero based)
 Heap Region Size: 2M
 Heap Min Capacity: 8M
 Heap Initial Capacity: 238M
 Heap Max Capacity: 3796M
 Pre-touch: Disabled
 Parallel Workers: 13
 Concurrent Workers: 3
 Concurrent Refinement Workers: 13
 Periodic GC: Disabled

Heap:
 garbage-first heap   total 243712K, used 2805K [0x0000000712c00000, 0x0000000800000000)
  region size 2048K, 3 young (6144K), 2 survivors (4096K)
 Metaspace       used 4969K, capacity 7361K, committed 7552K, reserved 1056768K
  class space    used 303K, capacity 553K, committed 640K, reserved 1048576K

Heap Regions: E=young(eden), S=young(survivor), O=old, HS=humongous(starts), HC=humongous(continues), CS=collection set, F=free, OA=open archive, CA=closed archive, TAMS=top-at-mark-start (previous, next)
|   0|0x0000000712c00000, 0x0000000712c00000, 0x0000000712e00000|  0%| F|  |TAMS 0x0000000712c00000, 0x0000000712c00000| Untracked 
|   1|0x0000000712e00000, 0x0000000712e00000, 0x0000000713000000|  0%| F|  |TAMS 0x0000000712e00000, 0x0000000712e00000| Untracked 
|   2|0x0000000713000000, 0x0000000713000000, 0x0000000713200000|  0%| F|  |TAMS 0x0000000713000000, 0x0000000713000000| Untracked 
|   3|0x0000000713200000, 0x0000000713200000, 0x0000000713400000|  0%| F|  |TAMS 0x0000000713200000, 0x0000000713200000| Untracked 
|   4|0x0000000713400000, 0x0000000713400000, 0x0000000713600000|  0%| F|  |TAMS 0x0000000713400000, 0x0000000713400000| Untracked 
|   5|0x0000000713600000, 0x0000000713600000, 0x0000000713800000|  0%| F|  |TAMS 0x0000000713600000, 0x0000000713600000| Untracked 
|   6|0x0000000713800000, 0x0000000713800000, 0x0000000713a00000|  0%| F|  |TAMS 0x0000000713800000, 0x0000000713800000| Untracked 
|   7|0x0000000713a00000, 0x0000000713a00000, 0x0000000713c00000|  0%| F|  |TAMS 0x0000000713a00000, 0x0000000713a00000| Untracked 
|   8|0x0000000713c00000, 0x0000000713c00000, 0x0000000713e00000|  0%| F|  |TAMS 0x0000000713c00000, 0x0000000713c00000| Untracked 
|   9|0x0000000713e00000, 0x0000000713e00000, 0x0000000714000000|  0%| F|  |TAMS 0x0000000713e00000, 0x0000000713e00000| Untracked 
|  10|0x0000000714000000, 0x0000000714000000, 0x0000000714200000|  0%| F|  |TAMS 0x0000000714000000, 0x0000000714000000| Untracked 
|  11|0x0000000714200000, 0x0000000714200000, 0x0000000714400000|  0%| F|  |TAMS 0x0000000714200000, 0x0000000714200000| Untracked 
|  12|0x0000000714400000, 0x0000000714400000, 0x0000000714600000|  0%| F|  |TAMS 0x0000000714400000, 0x0000000714400000| Untracked 
|  13|0x0000000714600000, 0x0000000714600000, 0x0000000714800000|  0%| F|  |TAMS 0x0000000714600000, 0x0000000714600000| Untracked 
|  14|0x0000000714800000, 0x0000000714800000, 0x0000000714a00000|  0%| F|  |TAMS 0x0000000714800000, 0x0000000714800000| Untracked 
|  15|0x0000000714a00000, 0x0000000714a00000, 0x0000000714c00000|  0%| F|  |TAMS 0x0000000714a00000, 0x0000000714a00000| Untracked 
|  16|0x0000000714c00000, 0x0000000714c00000, 0x0000000714e00000|  0%| F|  |TAMS 0x0000000714c00000, 0x0000000714c00000| Untracked 
|  17|0x0000000714e00000, 0x0000000714e00000, 0x0000000715000000|  0%| F|  |TAMS 0x0000000714e00000, 0x0000000714e00000| Untracked 
|  18|0x0000000715000000, 0x0000000715000000, 0x0000000715200000|  0%| F|  |TAMS 0x0000000715000000, 0x0000000715000000| Untracked 
|  19|0x0000000715200000, 0x0000000715200000, 0x0000000715400000|  0%| F|  |TAMS 0x0000000715200000, 0x0000000715200000| Untracked 
|  20|0x0000000715400000, 0x0000000715400000, 0x0000000715600000|  0%| F|  |TAMS 0x0000000715400000, 0x0000000715400000| Untracked 
|  21|0x0000000715600000, 0x0000000715600000, 0x0000000715800000|  0%| F|  |TAMS 0x0000000715600000, 0x0000000715600000| Untracked 
|  22|0x0000000715800000, 0x0000000715800000, 0x0000000715a00000|  0%| F|  |TAMS 0x0000000715800000, 0x0000000715800000| Untracked 
|  23|0x0000000715a00000, 0x0000000715a00000, 0x0000000715c00000|  0%| F|  |TAMS 0x0000000715a00000, 0x0000000715a00000| Untracked 
|  24|0x0000000715c00000, 0x0000000715c00000, 0x0000000715e00000|  0%| F|  |TAMS 0x0000000715c00000, 0x0000000715c00000| Untracked 
|  25|0x0000000715e00000, 0x0000000715e00000, 0x0000000716000000|  0%| F|  |TAMS 0x0000000715e00000, 0x0000000715e00000| Untracked 
|  26|0x0000000716000000, 0x0000000716000000, 0x0000000716200000|  0%| F|  |TAMS 0x0000000716000000, 0x0000000716000000| Untracked 
|  27|0x0000000716200000, 0x0000000716200000, 0x0000000716400000|  0%| F|  |TAMS 0x0000000716200000, 0x0000000716200000| Untracked 
|  28|0x0000000716400000, 0x0000000716400000, 0x0000000716600000|  0%| F|  |TAMS 0x0000000716400000, 0x0000000716400000| Untracked 
|  29|0x0000000716600000, 0x0000000716600000, 0x0000000716800000|  0%| F|  |TAMS 0x0000000716600000, 0x0000000716600000| Untracked 
|  30|0x0000000716800000, 0x0000000716800000, 0x0000000716a00000|  0%| F|  |TAMS 0x0000000716800000, 0x0000000716800000| Untracked 
|  31|0x0000000716a00000, 0x0000000716a00000, 0x0000000716c00000|  0%| F|  |TAMS 0x0000000716a00000, 0x0000000716a00000| Untracked 
|  32|0x0000000716c00000, 0x0000000716c00000, 0x0000000716e00000|  0%| F|  |TAMS 0x0000000716c00000, 0x0000000716c00000| Untracked 
|  33|0x0000000716e00000, 0x0000000716e00000, 0x0000000717000000|  0%| F|  |TAMS 0x0000000716e00000, 0x0000000716e00000| Untracked 
|  34|0x0000000717000000, 0x0000000717000000, 0x0000000717200000|  0%| F|  |TAMS 0x0000000717000000, 0x0000000717000000| Untracked 
|  35|0x0000000717200000, 0x0000000717200000, 0x0000000717400000|  0%| F|  |TAMS 0x0000000717200000, 0x0000000717200000| Untracked 
|  36|0x0000000717400000, 0x0000000717400000, 0x0000000717600000|  0%| F|  |TAMS 0x0000000717400000, 0x0000000717400000| Untracked 
|  37|0x0000000717600000, 0x0000000717600000, 0x0000000717800000|  0%| F|  |TAMS 0x0000000717600000, 0x0000000717600000| Untracked 
|  38|0x0000000717800000, 0x0000000717800000, 0x0000000717a00000|  0%| F|  |TAMS 0x0000000717800000, 0x0000000717800000| Untracked 
|  39|0x0000000717a00000, 0x0000000717a00000, 0x0000000717c00000|  0%| F|  |TAMS 0x0000000717a00000, 0x0000000717a00000| Untracked 
|  40|0x0000000717c00000, 0x0000000717c00000, 0x0000000717e00000|  0%| F|  |TAMS 0x0000000717c00000, 0x0000000717c00000| Untracked 
|  41|0x0000000717e00000, 0x0000000717e00000, 0x0000000718000000|  0%| F|  |TAMS 0x0000000717e00000, 0x0000000717e00000| Untracked 
|  42|0x0000000718000000, 0x0000000718000000, 0x0000000718200000|  0%| F|  |TAMS 0x0000000718000000, 0x0000000718000000| Untracked 
|  43|0x0000000718200000, 0x0000000718200000, 0x0000000718400000|  0%| F|  |TAMS 0x0000000718200000, 0x0000000718200000| Untracked 
|  44|0x0000000718400000, 0x0000000718400000, 0x0000000718600000|  0%| F|  |TAMS 0x0000000718400000, 0x0000000718400000| Untracked 
|  45|0x0000000718600000, 0x0000000718600000, 0x0000000718800000|  0%| F|  |TAMS 0x0000000718600000, 0x0000000718600000| Untracked 
|  46|0x0000000718800000, 0x0000000718800000, 0x0000000718a00000|  0%| F|  |TAMS 0x0000000718800000, 0x0000000718800000| Untracked 
|  47|0x0000000718a00000, 0x0000000718a00000, 0x0000000718c00000|  0%| F|  |TAMS 0x0000000718a00000, 0x0000000718a00000| Untracked 
|  48|0x0000000718c00000, 0x0000000718c00000, 0x0000000718e00000|  0%| F|  |TAMS 0x0000000718c00000, 0x0000000718c00000| Untracked 
|  49|0x0000000718e00000, 0x0000000718e00000, 0x0000000719000000|  0%| F|  |TAMS 0x0000000718e00000, 0x0000000718e00000| Untracked 
|  50|0x0000000719000000, 0x0000000719000000, 0x0000000719200000|  0%| F|  |TAMS 0x0000000719000000, 0x0000000719000000| Untracked 
|  51|0x0000000719200000, 0x0000000719200000, 0x0000000719400000|  0%| F|  |TAMS 0x0000000719200000, 0x0000000719200000| Untracked 
|  52|0x0000000719400000, 0x0000000719400000, 0x0000000719600000|  0%| F|  |TAMS 0x0000000719400000, 0x0000000719400000| Untracked 
|  53|0x0000000719600000, 0x0000000719600000, 0x0000000719800000|  0%| F|  |TAMS 0x0000000719600000, 0x0000000719600000| Untracked 
|  54|0x0000000719800000, 0x0000000719800000, 0x0000000719a00000|  0%| F|  |TAMS 0x0000000719800000, 0x0000000719800000| Untracked 
|  55|0x0000000719a00000, 0x0000000719a00000, 0x0000000719c00000|  0%| F|  |TAMS 0x0000000719a00000, 0x0000000719a00000| Untracked 
|  56|0x0000000719c00000, 0x0000000719c00000, 0x0000000719e00000|  0%| F|  |TAMS 0x0000000719c00000, 0x0000000719c00000| Untracked 
|  57|0x0000000719e00000, 0x0000000719e00000, 0x000000071a000000|  0%| F|  |TAMS 0x0000000719e00000, 0x0000000719e00000| Untracked 
|  58|0x000000071a000000, 0x000000071a000000, 0x000000071a200000|  0%| F|  |TAMS 0x000000071a000000, 0x000000071a000000| Untracked 
|  59|0x000000071a200000, 0x000000071a200000, 0x000000071a400000|  0%| F|  |TAMS 0x000000071a200000, 0x000000071a200000| Untracked 
|  60|0x000000071a400000, 0x000000071a400000, 0x000000071a600000|  0%| F|  |TAMS 0x000000071a400000, 0x000000071a400000| Untracked 
|  61|0x000000071a600000, 0x000000071a600000, 0x000000071a800000|  0%| F|  |TAMS 0x000000071a600000, 0x000000071a600000| Untracked 
|  62|0x000000071a800000, 0x000000071a800000, 0x000000071aa00000|  0%| F|  |TAMS 0x000000071a800000, 0x000000071a800000| Untracked 
|  63|0x000000071aa00000, 0x000000071aa00000, 0x000000071ac00000|  0%| F|  |TAMS 0x000000071aa00000, 0x000000071aa00000| Untracked 
|  64|0x000000071ac00000, 0x000000071ac00000, 0x000000071ae00000|  0%| F|  |TAMS 0x000000071ac00000, 0x000000071ac00000| Untracked 
|  65|0x000000071ae00000, 0x000000071ae00000, 0x000000071b000000|  0%| F|  |TAMS 0x000000071ae00000, 0x000000071ae00000| Untracked 
|  66|0x000000071b000000, 0x000000071b000000, 0x000000071b200000|  0%| F|  |TAMS 0x000000071b000000, 0x000000071b000000| Untracked 
|  67|0x000000071b200000, 0x000000071b200000, 0x000000071b400000|  0%| F|  |TAMS 0x000000071b200000, 0x000000071b200000| Untracked 
|  68|0x000000071b400000, 0x000000071b400000, 0x000000071b600000|  0%| F|  |TAMS 0x000000071b400000, 0x000000071b400000| Untracked 
|  69|0x000000071b600000, 0x000000071b600000, 0x000000071b800000|  0%| F|  |TAMS 0x000000071b600000, 0x000000071b600000| Untracked 
|  70|0x000000071b800000, 0x000000071b800000, 0x000000071ba00000|  0%| F|  |TAMS 0x000000071b800000, 0x000000071b800000| Untracked 
|  71|0x000000071ba00000, 0x000000071ba00000, 0x000000071bc00000|  0%| F|  |TAMS 0x000000071ba00000, 0x000000071ba00000| Untracked 
|  72|0x000000071bc00000, 0x000000071bc00000, 0x000000071be00000|  0%| F|  |TAMS 0x000000071bc00000, 0x000000071bc00000| Untracked 
|  73|0x000000071be00000, 0x000000071be00000, 0x000000071c000000|  0%| F|  |TAMS 0x000000071be00000, 0x000000071be00000| Untracked 
|  74|0x000000071c000000, 0x000000071c000000, 0x000000071c200000|  0%| F|  |TAMS 0x000000071c000000, 0x000000071c000000| Untracked 
|  75|0x000000071c200000, 0x000000071c200000, 0x000000071c400000|  0%| F|  |TAMS 0x000000071c200000, 0x000000071c200000| Untracked 
|  76|0x000000071c400000, 0x000000071c400000, 0x000000071c600000|  0%| F|  |TAMS 0x000000071c400000, 0x000000071c400000| Untracked 
|  77|0x000000071c600000, 0x000000071c600000, 0x000000071c800000|  0%| F|  |TAMS 0x000000071c600000, 0x000000071c600000| Untracked 
|  78|0x000000071c800000, 0x000000071c800000, 0x000000071ca00000|  0%| F|  |TAMS 0x000000071c800000, 0x000000071c800000| Untracked 
|  79|0x000000071ca00000, 0x000000071ca00000, 0x000000071cc00000|  0%| F|  |TAMS 0x000000071ca00000, 0x000000071ca00000| Untracked 
|  80|0x000000071cc00000, 0x000000071cc00000, 0x000000071ce00000|  0%| F|  |TAMS 0x000000071cc00000, 0x000000071cc00000| Untracked 
|  81|0x000000071ce00000, 0x000000071ce00000, 0x000000071d000000|  0%| F|  |TAMS 0x000000071ce00000, 0x000000071ce00000| Untracked 
|  82|0x000000071d000000, 0x000000071d000000, 0x000000071d200000|  0%| F|  |TAMS 0x000000071d000000, 0x000000071d000000| Untracked 
|  83|0x000000071d200000, 0x000000071d200000, 0x000000071d400000|  0%| F|  |TAMS 0x000000071d200000, 0x000000071d200000| Untracked 
|  84|0x000000071d400000, 0x000000071d400000, 0x000000071d600000|  0%| F|  |TAMS 0x000000071d400000, 0x000000071d400000| Untracked 
|  85|0x000000071d600000, 0x000000071d600000, 0x000000071d800000|  0%| F|  |TAMS 0x000000071d600000, 0x000000071d600000| Untracked 
|  86|0x000000071d800000, 0x000000071d800000, 0x000000071da00000|  0%| F|  |TAMS 0x000000071d800000, 0x000000071d800000| Untracked 
|  87|0x000000071da00000, 0x000000071da00000, 0x000000071dc00000|  0%| F|  |TAMS 0x000000071da00000, 0x000000071da00000| Untracked 
|  88|0x000000071dc00000, 0x000000071dc00000, 0x000000071de00000|  0%| F|  |TAMS 0x000000071dc00000, 0x000000071dc00000| Untracked 
|  89|0x000000071de00000, 0x000000071de00000, 0x000000071e000000|  0%| F|  |TAMS 0x000000071de00000, 0x000000071de00000| Untracked 
|  90|0x000000071e000000, 0x000000071e000000, 0x000000071e200000|  0%| F|  |TAMS 0x000000071e000000, 0x000000071e000000| Untracked 
|  91|0x000000071e200000, 0x000000071e200000, 0x000000071e400000|  0%| F|  |TAMS 0x000000071e200000, 0x000000071e200000| Untracked 
|  92|0x000000071e400000, 0x000000071e400000, 0x000000071e600000|  0%| F|  |TAMS 0x000000071e400000, 0x000000071e400000| Untracked 
|  93|0x000000071e600000, 0x000000071e600000, 0x000000071e800000|  0%| F|  |TAMS 0x000000071e600000, 0x000000071e600000| Untracked 
|  94|0x000000071e800000, 0x000000071e800000, 0x000000071ea00000|  0%| F|  |TAMS 0x000000071e800000, 0x000000071e800000| Untracked 
|  95|0x000000071ea00000, 0x000000071ea00000, 0x000000071ec00000|  0%| F|  |TAMS 0x000000071ea00000, 0x000000071ea00000| Untracked 
|  96|0x000000071ec00000, 0x000000071ec00000, 0x000000071ee00000|  0%| F|  |TAMS 0x000000071ec00000, 0x000000071ec00000| Untracked 
|  97|0x000000071ee00000, 0x000000071ee00000, 0x000000071f000000|  0%| F|  |TAMS 0x000000071ee00000, 0x000000071ee00000| Untracked 
|  98|0x000000071f000000, 0x000000071f000000, 0x000000071f200000|  0%| F|  |TAMS 0x000000071f000000, 0x000000071f000000| Untracked 
|  99|0x000000071f200000, 0x000000071f200000, 0x000000071f400000|  0%| F|  |TAMS 0x000000071f200000, 0x000000071f200000| Untracked 
| 100|0x000000071f400000, 0x000000071f400000, 0x000000071f600000|  0%| F|  |TAMS 0x000000071f400000, 0x000000071f400000| Untracked 
| 101|0x000000071f600000, 0x000000071f600000, 0x000000071f800000|  0%| F|  |TAMS 0x000000071f600000, 0x000000071f600000| Untracked 
| 102|0x000000071f800000, 0x000000071f800000, 0x000000071fa00000|  0%| F|  |TAMS 0x000000071f800000, 0x000000071f800000| Untracked 
| 103|0x000000071fa00000, 0x000000071fa00000, 0x000000071fc00000|  0%| F|  |TAMS 0x000000071fa00000, 0x000000071fa00000| Untracked 
| 104|0x000000071fc00000, 0x000000071fc00000, 0x000000071fe00000|  0%| F|  |TAMS 0x000000071fc00000, 0x000000071fc00000| Untracked 
| 105|0x000000071fe00000, 0x000000071fe00000, 0x0000000720000000|  0%| F|  |TAMS 0x000000071fe00000, 0x000000071fe00000| Untracked 
| 106|0x0000000720000000, 0x00000007200bd580, 0x0000000720200000| 36%| S|CS|TAMS 0x0000000720000000, 0x0000000720000000| Complete 
| 107|0x0000000720200000, 0x0000000720400000, 0x0000000720400000|100%| S|CS|TAMS 0x0000000720200000, 0x0000000720200000| Complete 
| 108|0x0000000720400000, 0x0000000720400000, 0x0000000720600000|  0%| F|  |TAMS 0x0000000720400000, 0x0000000720400000| Untracked 
| 109|0x0000000720600000, 0x0000000720600000, 0x0000000720800000|  0%| F|  |TAMS 0x0000000720600000, 0x0000000720600000| Untracked 
| 110|0x0000000720800000, 0x0000000720800000, 0x0000000720a00000|  0%| F|  |TAMS 0x0000000720800000, 0x0000000720800000| Untracked 
| 111|0x0000000720a00000, 0x0000000720a00000, 0x0000000720c00000|  0%| F|  |TAMS 0x0000000720a00000, 0x0000000720a00000| Untracked 
| 112|0x0000000720c00000, 0x0000000720c00000, 0x0000000720e00000|  0%| F|  |TAMS 0x0000000720c00000, 0x0000000720c00000| Untracked 
| 113|0x0000000720e00000, 0x0000000720e00000, 0x0000000721000000|  0%| F|  |TAMS 0x0000000720e00000, 0x0000000720e00000| Untracked 
| 114|0x0000000721000000, 0x0000000721000000, 0x0000000721200000|  0%| F|  |TAMS 0x0000000721000000, 0x0000000721000000| Untracked 
| 115|0x0000000721200000, 0x0000000721200000, 0x0000000721400000|  0%| F|  |TAMS 0x0000000721200000, 0x0000000721200000| Untracked 
| 116|0x0000000721400000, 0x0000000721400000, 0x0000000721600000|  0%| F|  |TAMS 0x0000000721400000, 0x0000000721400000| Untracked 
| 117|0x0000000721600000, 0x0000000721600000, 0x0000000721800000|  0%| F|  |TAMS 0x0000000721600000, 0x0000000721600000| Untracked 
| 118|0x0000000721800000, 0x000000072189cf38, 0x0000000721a00000| 30%| E|  |TAMS 0x0000000721800000, 0x0000000721800000| Complete 

Card table byte_map: [0x0000023c99620000,0x0000023c99d90000] _byte_map_base: 0x0000023c95d8a000

Marking Bits (Prev, Next): (CMBitMap*) 0x0000023cffcb4be0, (CMBitMap*) 0x0000023cffcb4c20
 Prev Bits: [0x0000023c9a500000, 0x0000023c9e050000)
 Next Bits: [0x0000023c9e050000, 0x0000023ca1ba0000)

Polling page: 0x0000023cfefe0000

Metaspace:

Usage:
  Non-class:      6.65 MB capacity,     4.56 MB ( 69%) used,     2.08 MB ( 31%) free+waste,    11.31 KB ( <1%) overhead. 
      Class:    553.00 KB capacity,   303.80 KB ( 55%) used,   244.70 KB ( 44%) free+waste,     4.50 KB ( <1%) overhead. 
       Both:      7.19 MB capacity,     4.85 MB ( 68%) used,     2.32 MB ( 32%) free+waste,    15.81 KB ( <1%) overhead. 

Virtual space:
  Non-class space:        8.00 MB reserved,       6.75 MB ( 84%) committed 
      Class space:        1.00 GB reserved,     640.00 KB ( <1%) committed 
             Both:        1.01 GB reserved,       7.38 MB ( <1%) committed 

Chunk freelists:
   Non-Class:  40.00 KB
       Class:  0 bytes
        Both:  40.00 KB

MaxMetaspaceSize: 17179869184.00 GB
CompressedClassSpaceSize: 1.00 GB

CodeHeap 'non-profiled nmethods': size=119168Kb used=363Kb max_used=363Kb free=118804Kb
 bounds [0x0000023c913e0000, 0x0000023c91650000, 0x0000023c98840000]
CodeHeap 'profiled nmethods': size=119104Kb used=1794Kb max_used=1794Kb free=117309Kb
 bounds [0x0000023c89f90000, 0x0000023c8a200000, 0x0000023c913e0000]
CodeHeap 'non-nmethods': size=7488Kb used=3267Kb max_used=3285Kb free=4221Kb
 bounds [0x0000023c89840000, 0x0000023c89b80000, 0x0000023c89f90000]
 total_blobs=2067 nmethods=1105 adapters=872
 compilation: enabled
              stopped_count=0, restarted_count=0
 full_count=0

Compilation events (20 events):
Event: 0.750 Thread 0x0000023ca53d9400 1095   !   3       java.io.BufferedWriter::write (117 bytes)
Event: 0.750 Thread 0x0000023ca55025d0 1096       3       java.io.BufferedWriter::min (9 bytes)
Event: 0.750 Thread 0x0000023ca5523420 1097  s    3       java.io.BufferedOutputStream::flush (12 bytes)
Event: 0.750 Thread 0x0000023ca55025d0 nmethod 1096 0x0000023c8a14c410 code [0x0000023c8a14c5a0, 0x0000023c8a14c6f8]
Event: 0.750 Thread 0x0000023ca55025d0 1098       3       java.io.OutputStream::flush (1 bytes)
Event: 0.750 Thread 0x0000023ca5502b90 nmethod 1094 0x0000023c8a14c790 code [0x0000023c8a14c940, 0x0000023c8a14cc08]
Event: 0.750 Thread 0x0000023ca55025d0 nmethod 1098 0x0000023c8a14cd90 code [0x0000023c8a14cf20, 0x0000023c8a14d018]
Event: 0.750 Thread 0x0000023ca5523420 nmethod 1097 0x0000023c8a14d090 code [0x0000023c8a14d260, 0x0000023c8a14d678]
Event: 0.754 Thread 0x0000023ca53d9400 nmethod 1095 0x0000023c8a14d790 code [0x0000023c8a14d980, 0x0000023c8a14df88]
Event: 0.754 Thread 0x0000023ca53d9400 1099       3       jdk.internal.ref.PhantomCleanable::clean (16 bytes)
Event: 0.754 Thread 0x0000023ca5523420 1100       3       jdk.internal.ref.CleanerImpl$PhantomCleanableRef::performCleanup (10 bytes)
Event: 0.754 Thread 0x0000023ca5502b90 1102   !   3       java.lang.ref.ReferenceQueue::enqueue (119 bytes)
Event: 0.754 Thread 0x0000023ca55025d0 1103       3       java.util.zip.ZipFile$InflaterCleanupAction::run (12 bytes)
Event: 0.755 Thread 0x0000023ca5523420 nmethod 1100 0x0000023c8a14e310 code [0x0000023c8a14e4c0, 0x0000023c8a14e688]
Event: 0.755 Thread 0x0000023ca5523420 1104   !   3       java.util.zip.ZipFile$CleanableResource::releaseInflater (53 bytes)
Event: 0.755 Thread 0x0000023ca53d9400 nmethod 1099 0x0000023c8a14e790 code [0x0000023c8a14e940, 0x0000023c8a14ec18]
Event: 0.755 Thread 0x0000023ca53d9400 1105   !   3       java.util.zip.Inflater::reset (64 bytes)
Event: 0.755 Thread 0x0000023ca55025d0 nmethod 1103 0x0000023c8a14ed10 code [0x0000023c8a14eec0, 0x0000023c8a14f028]
Event: 0.755 Thread 0x0000023ca53d9400 nmethod 1105 0x0000023c8a14f110 code [0x0000023c8a14f2e0, 0x0000023c8a14f658]
Event: 0.755 Thread 0x0000023ca5523420 nmethod 1104 0x0000023c8a14f810 code [0x0000023c8a14f9e0, 0x0000023c8a14fde8]

GC Heap History (2 events):
Event: 0.750 GC heap before
{Heap before GC invocations=0 (full 0):
 garbage-first heap   total 243712K, used 22528K [0x0000000712c00000, 0x0000000800000000)
  region size 2048K, 11 young (22528K), 0 survivors (0K)
 Metaspace       used 4964K, capacity 7361K, committed 7552K, reserved 1056768K
  class space    used 303K, capacity 553K, committed 640K, reserved 1048576K
}
Event: 0.754 GC heap after
{Heap after GC invocations=1 (full 0):
 garbage-first heap   total 243712K, used 2805K [0x0000000712c00000, 0x0000000800000000)
  region size 2048K, 2 young (4096K), 2 survivors (4096K)
 Metaspace       used 4964K, capacity 7361K, committed 7552K, reserved 1056768K
  class space    used 303K, capacity 553K, committed 640K, reserved 1048576K
}

Deoptimization events (20 events):
Event: 0.310 Thread 0x0000023cffc63430 DEOPT PACKING pc=0x0000023c89fcfbdf sp=0x000000aa60efd2c0
Event: 0.310 Thread 0x0000023cffc63430 DEOPT UNPACKING pc=0x0000023c8988e23f sp=0x000000aa60efc710 mode 0
Event: 0.314 Thread 0x0000023cffc63430 Uncommon trap: trap_request=0xffffffde fr.pc=0x0000023c914033cc relative=0x000000000000038c
Event: 0.314 Thread 0x0000023cffc63430 Uncommon trap: reason=class_check action=maybe_recompile pc=0x0000023c914033cc method=java.util.HashMap.getNode(Ljava/lang/Object;)Ljava/util/HashMap$Node; @ 63 c2
Event: 0.314 Thread 0x0000023cffc63430 DEOPT PACKING pc=0x0000023c914033cc sp=0x000000aa60efc0b0
Event: 0.314 Thread 0x0000023cffc63430 DEOPT UNPACKING pc=0x0000023c8988e42f sp=0x000000aa60efbfc8 mode 2
Event: 0.338 Thread 0x0000023cffc63430 Uncommon trap: trap_request=0xffffffde fr.pc=0x0000023c914033cc relative=0x000000000000038c
Event: 0.338 Thread 0x0000023cffc63430 Uncommon trap: reason=class_check action=maybe_recompile pc=0x0000023c914033cc method=java.util.HashMap.getNode(Ljava/lang/Object;)Ljava/util/HashMap$Node; @ 63 c2
Event: 0.338 Thread 0x0000023cffc63430 DEOPT PACKING pc=0x0000023c914033cc sp=0x000000aa60efdfc0
Event: 0.338 Thread 0x0000023cffc63430 DEOPT UNPACKING pc=0x0000023c8988e42f sp=0x000000aa60efded8 mode 2
Event: 0.558 Thread 0x0000023cffc63430 Uncommon trap: trap_request=0xffffffde fr.pc=0x0000023c914033cc relative=0x000000000000038c
Event: 0.558 Thread 0x0000023cffc63430 Uncommon trap: reason=class_check action=maybe_recompile pc=0x0000023c914033cc method=java.util.HashMap.getNode(Ljava/lang/Object;)Ljava/util/HashMap$Node; @ 63 c2
Event: 0.558 Thread 0x0000023cffc63430 DEOPT PACKING pc=0x0000023c914033cc sp=0x000000aa60efe140
Event: 0.559 Thread 0x0000023cffc63430 DEOPT UNPACKING pc=0x0000023c8988e42f sp=0x000000aa60efe058 mode 2
Event: 0.602 Thread 0x0000023cffc63430 Uncommon trap: trap_request=0xffffff54 fr.pc=0x0000023c914269e0 relative=0x0000000000000060
Event: 0.602 Thread 0x0000023cffc63430 Uncommon trap: reason=speculate_null_assert action=make_not_entrant pc=0x0000023c914269e0 method=sun.misc.Unsafe.putLong(Ljava/lang/Object;JJ)V @ 7 c2
Event: 0.602 Thread 0x0000023cffc63430 DEOPT PACKING pc=0x0000023c914269e0 sp=0x000000aa60efef90
Event: 0.602 Thread 0x0000023cffc63430 DEOPT UNPACKING pc=0x0000023c8988e42f sp=0x000000aa60efef08 mode 2
Event: 0.676 Thread 0x0000023cffc63430 DEOPT PACKING pc=0x0000023c89fd43dd sp=0x000000aa60efef20
Event: 0.677 Thread 0x0000023cffc63430 DEOPT UNPACKING pc=0x0000023c8988e23f sp=0x000000aa60efe380 mode 0

Classes unloaded (0 events):
No events

Classes redefined (0 events):
No events

Internal exceptions (20 events):
Event: 0.243 Thread 0x0000023cffc63430 Exception <a 'java/lang/NoSuchMethodError'{0x000000072116abb8}: 'java.lang.Object java.lang.invoke.DirectMethodHandle$Holder.invokeStatic(java.lang.Object, java.lang.Object, int)'> (0x000000072116abb8) 
thrown [./src/hotspot/share/interpreter/linkResolver.cpp, line 782]
Event: 0.245 Thread 0x0000023cffc63430 Exception <a 'java/lang/NoSuchMethodError'{0x0000000721176d00}: 'void java.lang.invoke.DelegatingMethodHandle$Holder.delegate(java.lang.Object, java.lang.Object, int, java.lang.Object)'> (0x0000000721176d00) 
thrown [./src/hotspot/share/interpreter/linkResolver.cpp, line 782]
Event: 0.245 Thread 0x0000023cffc63430 Exception <a 'java/lang/NoSuchMethodError'{0x000000072117ae50}: 'int java.lang.invoke.DirectMethodHandle$Holder.invokeSpecial(java.lang.Object, java.lang.Object, java.lang.Object)'> (0x000000072117ae50) 
thrown [./src/hotspot/share/interpreter/linkResolver.cpp, line 782]
Event: 0.271 Thread 0x0000023cffc63430 Exception <a 'sun/nio/fs/WindowsException'{0x0000000720e5e788}> (0x0000000720e5e788) 
thrown [./src/hotspot/share/prims/jni.cpp, line 578]
Event: 0.272 Thread 0x0000023cffc63430 Exception <a 'sun/nio/fs/WindowsException'{0x0000000720e5ed18}> (0x0000000720e5ed18) 
thrown [./src/hotspot/share/prims/jni.cpp, line 578]
Event: 0.295 Thread 0x0000023cffc63430 Exception <a 'java/lang/NoSuchMethodError'{0x0000000720f246d0}: 'int java.lang.invoke.DirectMethodHandle$Holder.invokeStaticInit(java.lang.Object, java.lang.Object, int, long)'> (0x0000000720f246d0) 
thrown [./src/hotspot/share/interpreter/linkResolver.cpp, line 782]
Event: 0.295 Thread 0x0000023cffc63430 Exception <a 'java/lang/NoSuchMethodError'{0x0000000720f2a1a0}: 'java.lang.Object java.lang.invoke.DirectMethodHandle$Holder.newInvokeSpecial(java.lang.Object, java.lang.Object, int)'> (0x0000000720f2a1a0) 
thrown [./src/hotspot/share/interpreter/linkResolver.cpp, line 782]
Event: 0.298 Thread 0x0000023cffc63430 Exception <a 'java/lang/NoSuchMethodError'{0x0000000720f431d8}: 'int java.lang.invoke.DirectMethodHandle$Holder.invokeStaticInit(java.lang.Object, java.lang.Object, long, long)'> (0x0000000720f431d8) 
thrown [./src/hotspot/share/interpreter/linkResolver.cpp, line 782]
Event: 0.298 Thread 0x0000023cffc63430 Exception <a 'java/lang/NoSuchMethodError'{0x0000000720f49658}: 'java.lang.Object java.lang.invoke.DirectMethodHandle$Holder.newInvokeSpecial(java.lang.Object, java.lang.Object, long)'> (0x0000000720f49658) 
thrown [./src/hotspot/share/interpreter/linkResolver.cpp, line 782]
Event: 0.299 Thread 0x0000023cffc63430 Exception <a 'java/lang/NoSuchMethodError'{0x0000000720f4d7a0}: 'java.lang.Object java.lang.invoke.Invokers$Holder.linkToTargetMethod(java.lang.Object, long, java.lang.Object)'> (0x0000000720f4d7a0) 
thrown [./src/hotspot/share/interpreter/linkResolver.cpp, line 782]
Event: 0.300 Thread 0x0000023cffc63430 Exception <a 'java/lang/NoSuchMethodError'{0x0000000720f55410}: 'int java.lang.invoke.DirectMethodHandle$Holder.invokeStaticInit(java.lang.Object, java.lang.Object, java.lang.Object, long)'> (0x0000000720f55410) 
thrown [./src/hotspot/share/interpreter/linkResolver.cpp, line 782]
Event: 0.317 Thread 0x0000023cffc63430 Exception <a 'sun/nio/fs/WindowsException'{0x0000000720c5eda0}> (0x0000000720c5eda0) 
thrown [./src/hotspot/share/prims/jni.cpp, line 578]
Event: 0.317 Thread 0x0000023cffc63430 Exception <a 'sun/nio/fs/WindowsException'{0x0000000720c5f180}> (0x0000000720c5f180) 
thrown [./src/hotspot/share/prims/jni.cpp, line 578]
Event: 0.342 Thread 0x0000023cffc63430 Exception <a 'sun/nio/fs/WindowsException'{0x0000000720d595a0}> (0x0000000720d595a0) 
thrown [./src/hotspot/share/prims/jni.cpp, line 578]
Event: 0.342 Thread 0x0000023cffc63430 Exception <a 'sun/nio/fs/WindowsException'{0x0000000720d59950}> (0x0000000720d59950) 
thrown [./src/hotspot/share/prims/jni.cpp, line 578]
Event: 0.561 Thread 0x0000023cffc63430 Exception <a 'sun/nio/fs/WindowsException'{0x0000000720dbd078}> (0x0000000720dbd078) 
thrown [./src/hotspot/share/prims/jni.cpp, line 578]
Event: 0.562 Thread 0x0000023cffc63430 Exception <a 'sun/nio/fs/WindowsException'{0x0000000720dbd468}> (0x0000000720dbd468) 
thrown [./src/hotspot/share/prims/jni.cpp, line 578]
Event: 0.565 Thread 0x0000023cffc63430 Exception <a 'sun/nio/fs/WindowsException'{0x0000000720dd6a30}> (0x0000000720dd6a30) 
thrown [./src/hotspot/share/prims/jni.cpp, line 578]
Event: 0.566 Thread 0x0000023cffc63430 Exception <a 'sun/nio/fs/WindowsException'{0x0000000720dd6d58}> (0x0000000720dd6d58) 
thrown [./src/hotspot/share/prims/jni.cpp, line 578]
Event: 0.694 Thread 0x0000023cffc63430 Exception <a 'java/lang/NoSuchMethodError'{0x0000000720684ef8}: 'void java.lang.invoke.DirectMethodHandle$Holder.invokeStatic(java.lang.Object, int)'> (0x0000000720684ef8) 
thrown [./src/hotspot/share/interpreter/linkResolver.cpp, line 782]

Events (20 events):
Event: 0.657 loading class java/lang/invoke/BoundMethodHandle$Species_LLLLL done
Event: 0.659 loading class java/lang/invoke/BoundMethodHandle$Species_LJ
Event: 0.659 loading class java/lang/invoke/BoundMethodHandle$Species_LJ done
Event: 0.660 loading class java/lang/invoke/BoundMethodHandle$Species_LLLLLL
Event: 0.660 loading class java/lang/invoke/BoundMethodHandle$Species_LLLLLL done
Event: 0.661 loading class java/lang/invoke/BoundMethodHandle$Species_LLLLLLL
Event: 0.661 loading class java/lang/invoke/BoundMethodHandle$Species_LLLLLLL done
Event: 0.682 Loaded shared library C:\Users\leos.karasek\AppData\Local\Temp\lwjglleos.karasek\3.3.1-build-7\lwjgl_opengl.dll
Event: 0.694 loading class java/io/UnsupportedEncodingException
Event: 0.694 loading class java/io/UnsupportedEncodingException done
Event: 0.697 loading class sun/net/ProgressMonitor
Event: 0.697 loading class sun/net/ProgressMonitor done
Event: 0.697 loading class sun/net/DefaultProgressMeteringPolicy
Event: 0.697 loading class sun/net/ProgressMeteringPolicy
Event: 0.697 loading class sun/net/ProgressMeteringPolicy done
Event: 0.697 loading class sun/net/DefaultProgressMeteringPolicy done
Event: 0.750 Executing VM operation: G1CollectForAllocation
Event: 0.754 Executing VM operation: G1CollectForAllocation done
Event: 0.754 Executing VM operation: HandshakeAllThreads
Event: 0.754 Executing VM operation: HandshakeAllThreads done


Dynamic libraries:
0x00007ff709f80000 - 0x00007ff709f8d000 	C:\Program Files\Amazon Corretto\jdk15.0.2_7\bin\java.exe
0x00007ffd75b90000 - 0x00007ffd75da4000 	C:\WINDOWS\SYSTEM32\ntdll.dll
0x00007ffd74bc0000 - 0x00007ffd74c82000 	C:\WINDOWS\System32\KERNEL32.DLL
0x00007ffd73460000 - 0x00007ffd737fc000 	C:\WINDOWS\System32\KERNELBASE.dll
0x00007ffd73090000 - 0x00007ffd731a1000 	C:\WINDOWS\System32\ucrtbase.dll
0x00007ffd61ec0000 - 0x00007ffd61ed8000 	C:\Program Files\Amazon Corretto\jdk15.0.2_7\bin\jli.dll
0x00007ffd61e70000 - 0x00007ffd61e85000 	C:\Program Files\Amazon Corretto\jdk15.0.2_7\bin\VCRUNTIME140.dll
0x00007ffd73b90000 - 0x00007ffd73d3b000 	C:\WINDOWS\System32\USER32.dll
0x00007ffd57ff0000 - 0x00007ffd5827e000 	C:\WINDOWS\WinSxS\amd64_microsoft.windows.common-controls_6595b64144ccf1df_6.0.22621.608_none_a9444ca7c10bb01d\COMCTL32.dll
0x00007ffd73800000 - 0x00007ffd73826000 	C:\WINDOWS\System32\win32u.dll
0x00007ffd748a0000 - 0x00007ffd74947000 	C:\WINDOWS\System32\msvcrt.dll
0x00007ffd74d90000 - 0x00007ffd74db9000 	C:\WINDOWS\System32\GDI32.dll
0x00007ffd731b0000 - 0x00007ffd732c3000 	C:\WINDOWS\System32\gdi32full.dll
0x00007ffd73340000 - 0x00007ffd733da000 	C:\WINDOWS\System32\msvcp_win.dll
0x00007ffd73e20000 - 0x00007ffd73e51000 	C:\WINDOWS\System32\IMM32.DLL
0x00007ffd4e110000 - 0x00007ffd4e1ab000 	C:\Program Files\Amazon Corretto\jdk15.0.2_7\bin\msvcp140.dll
0x00007ffd36cd0000 - 0x00007ffd37861000 	C:\Program Files\Amazon Corretto\jdk15.0.2_7\bin\server\jvm.dll
0x00007ffd75aa0000 - 0x00007ffd75b4e000 	C:\WINDOWS\System32\ADVAPI32.dll
0x00007ffd73f50000 - 0x00007ffd73ff4000 	C:\WINDOWS\System32\sechost.dll
0x00007ffd74dd0000 - 0x00007ffd74ee7000 	C:\WINDOWS\System32\RPCRT4.dll
0x00007ffd74dc0000 - 0x00007ffd74dc8000 	C:\WINDOWS\System32\PSAPI.DLL
0x00007ffd4a620000 - 0x00007ffd4a629000 	C:\WINDOWS\SYSTEM32\WSOCK32.dll
0x00007ffd70220000 - 0x00007ffd70254000 	C:\WINDOWS\SYSTEM32\WINMM.dll
0x00007ffd74ef0000 - 0x00007ffd74f61000 	C:\WINDOWS\System32\WS2_32.dll
0x00007ffd69620000 - 0x00007ffd6962a000 	C:\WINDOWS\SYSTEM32\VERSION.dll
0x00007ffd71ef0000 - 0x00007ffd71f08000 	C:\WINDOWS\SYSTEM32\kernel.appcore.dll
0x00007ffd65010000 - 0x00007ffd6501a000 	C:\Program Files\Amazon Corretto\jdk15.0.2_7\bin\jimage.dll
0x00007ffd708b0000 - 0x00007ffd70ade000 	C:\WINDOWS\SYSTEM32\DBGHELP.DLL
0x00007ffd75710000 - 0x00007ffd75a99000 	C:\WINDOWS\System32\combase.dll
0x00007ffd73d40000 - 0x00007ffd73e17000 	C:\WINDOWS\System32\OLEAUT32.dll
0x00007ffd701e0000 - 0x00007ffd70212000 	C:\WINDOWS\SYSTEM32\dbgcore.DLL
0x00007ffd733e0000 - 0x00007ffd7345b000 	C:\WINDOWS\System32\bcryptPrimitives.dll
0x00007ffd63b60000 - 0x00007ffd63b6e000 	C:\Program Files\Amazon Corretto\jdk15.0.2_7\bin\instrument.dll
0x00007ffd61b70000 - 0x00007ffd61b95000 	C:\Program Files\Amazon Corretto\jdk15.0.2_7\bin\java.dll
0x00007ffd74000000 - 0x00007ffd747f0000 	C:\WINDOWS\System32\SHELL32.dll
0x00007ffd70e20000 - 0x00007ffd716ed000 	C:\WINDOWS\SYSTEM32\windows.storage.dll
0x00007ffd70ce0000 - 0x00007ffd70e1e000 	C:\WINDOWS\SYSTEM32\wintypes.dll
0x00007ffd74ab0000 - 0x00007ffd74ba1000 	C:\WINDOWS\System32\SHCORE.dll
0x00007ffd73ee0000 - 0x00007ffd73f3e000 	C:\WINDOWS\System32\shlwapi.dll
0x00007ffd72f00000 - 0x00007ffd72f21000 	C:\WINDOWS\SYSTEM32\profapi.dll
0x00007ffd61830000 - 0x00007ffd61848000 	C:\Program Files\Amazon Corretto\jdk15.0.2_7\bin\zip.dll
0x00007ffd618b0000 - 0x00007ffd618c9000 	C:\Program Files\Amazon Corretto\jdk15.0.2_7\bin\net.dll
0x00007ffd71f10000 - 0x00007ffd72047000 	C:\WINDOWS\SYSTEM32\WINHTTP.dll
0x00007ffd72490000 - 0x00007ffd724f9000 	C:\WINDOWS\system32\mswsock.dll
0x00007ffd61850000 - 0x00007ffd61862000 	C:\Program Files\Amazon Corretto\jdk15.0.2_7\bin\nio.dll
0x00007ffd61780000 - 0x00007ffd6179a000 	C:\Program Files\JetBrains\IntelliJ IDEA Community Edition 2022.3.2\bin\breakgen64.dll
0x00007ffd4daa0000 - 0x00007ffd4db15000 	C:\Users\leos.karasek\AppData\Local\Temp\lwjglleos.karasek\3.3.1-build-7\lwjgl.dll
0x00007ffd358d0000 - 0x00007ffd35b29000 	C:\Users\LEOS~1.KAR\AppData\Local\Temp\lwjglleos.karasek\3.3.1-build-7\jemalloc.dll
0x00007ffd4da30000 - 0x00007ffd4da91000 	C:\Users\LEOS~1.KAR\AppData\Local\Temp\lwjglleos.karasek\3.3.1-build-7\glfw.dll
0x00007ffd4d6e0000 - 0x00007ffd4d726000 	C:\WINDOWS\SYSTEM32\dinput8.dll
0x00007ffd61760000 - 0x00007ffd61771000 	C:\WINDOWS\SYSTEM32\xinput1_4.dll
0x00007ffd72c40000 - 0x00007ffd72c8e000 	C:\WINDOWS\SYSTEM32\cfgmgr32.dll
0x00007ffd72c10000 - 0x00007ffd72c3c000 	C:\WINDOWS\SYSTEM32\DEVOBJ.dll
0x00007ffd70540000 - 0x00007ffd7056b000 	C:\WINDOWS\SYSTEM32\dwmapi.dll
0x00007ffd51630000 - 0x00007ffd51831000 	C:\WINDOWS\SYSTEM32\inputhost.dll
0x00007ffd6fe30000 - 0x00007ffd6ff63000 	C:\WINDOWS\SYSTEM32\CoreMessaging.dll
0x00007ffd70090000 - 0x00007ffd7013b000 	C:\WINDOWS\system32\uxtheme.dll
0x00007ffd72740000 - 0x00007ffd7274c000 	C:\WINDOWS\SYSTEM32\CRYPTBASE.DLL
0x00007ffd74f70000 - 0x00007ffd7508e000 	C:\WINDOWS\System32\MSCTF.dll
0x00007ffd4e240000 - 0x00007ffd4e340000 	C:\WINDOWS\SYSTEM32\opengl32.dll
0x00007ffd627f0000 - 0x00007ffd6281d000 	C:\WINDOWS\SYSTEM32\GLU32.dll
0x00007ffd70170000 - 0x00007ffd701a6000 	C:\WINDOWS\SYSTEM32\dxcore.dll
0x00007ffd6daa0000 - 0x00007ffd6dae8000 	C:\WINDOWS\SYSTEM32\directxdatabasehelper.dll
0x00007ffd749b0000 - 0x00007ffd74a60000 	C:\WINDOWS\System32\clbcatq.dll
0x00007ffd55a60000 - 0x00007ffd55a8c000 	C:\Windows\System32\DriverStore\FileRepository\u0379198.inf_amd64_f73fb052e1f1ad19\B378853\atig6pxx.dll
0x00007ffceee00000 - 0x00007ffcf1c60000 	C:\Windows\System32\DriverStore\FileRepository\u0379198.inf_amd64_f73fb052e1f1ad19\B378853\atio6axx.dll
0x00007ffd75230000 - 0x00007ffd756a4000 	C:\WINDOWS\System32\SETUPAPI.dll
0x00007ffd05d20000 - 0x00007ffd05d45000 	C:\WINDOWS\SYSTEM32\dxva2.dll
0x00007ffd75090000 - 0x00007ffd7522c000 	C:\WINDOWS\System32\ole32.dll
0x00007ffd4dde0000 - 0x00007ffd4de1f000 	C:\WINDOWS\System32\DriverStore\FileRepository\u0379198.inf_amd64_f73fb052e1f1ad19\B378853\atig6txx.dll
0x00007ffd4d510000 - 0x00007ffd4d6e0000 	C:\WINDOWS\SYSTEM32\atiadlxx.dll
0x00007ffd6d680000 - 0x00007ffd6d780000 	C:\WINDOWS\SYSTEM32\PROPSYS.dll
0x00007ffd66b90000 - 0x00007ffd66be0000 	C:\WINDOWS\SYSTEM32\pdh.dll
0x00007ffd732d0000 - 0x00007ffd7333b000 	C:\WINDOWS\System32\WINTRUST.dll
0x00007ffd73830000 - 0x00007ffd73996000 	C:\WINDOWS\System32\CRYPT32.dll
0x00007ffd727b0000 - 0x00007ffd727c2000 	C:\WINDOWS\SYSTEM32\MSASN1.dll
0x00007ffd57c40000 - 0x00007ffd57d6e000 	C:\WINDOWS\SYSTEM32\textinputframework.dll
0x00007ffd6cda0000 - 0x00007ffd6d10c000 	C:\WINDOWS\SYSTEM32\CoreUIComponents.dll
0x00007ffd4c200000 - 0x00007ffd4c25d000 	C:\Users\leos.karasek\AppData\Local\Temp\lwjglleos.karasek\3.3.1-build-7\lwjgl_opengl.dll

dbghelp: loaded successfully - version: 4.0.5 - missing functions: none
symbol engine: initialized successfully - sym options: 0x614 - pdb path: .;C:\Program Files\Amazon Corretto\jdk15.0.2_7\bin;C:\WINDOWS\SYSTEM32;C:\WINDOWS\WinSxS\amd64_microsoft.windows.common-controls_6595b64144ccf1df_6.0.22621.608_none_a9444ca7c10bb01d;C:\Program Files\Amazon Corretto\jdk15.0.2_7\bin\server;C:\Program Files\JetBrains\IntelliJ IDEA Community Edition 2022.3.2\bin;C:\Users\leos.karasek\AppData\Local\Temp\lwjglleos.karasek\3.3.1-build-7;C:\Users\LEOS~1.KAR\AppData\Local\Temp\lwjglleos.karasek\3.3.1-build-7;C:\Windows\System32\DriverStore\FileRepository\u0379198.inf_amd64_f73fb052e1f1ad19\B378853

VM Arguments:
jvm_args: -javaagent:C:\Program Files\JetBrains\IntelliJ IDEA Community Edition 2022.3.2\lib\idea_rt.jar=64523:C:\Program Files\JetBrains\IntelliJ IDEA Community Edition 2022.3.2\bin -Dfile.encoding=UTF-8 
java_command: p01simple.App
java_class_path (initial): C:\Users\leos.karasek\IdeaProjects\grafika3\out\production\grafika3;C:\Users\leos.karasek\IdeaProjects\lwjgl-release-3.3.1-custom\lwjgl-assimp-natives-windows.jar;C:\Users\leos.karasek\IdeaProjects\lwjgl-release-3.3.1-custom\lwjgl-assimp.jar;C:\Users\leos.karasek\IdeaProjects\lwjgl-release-3.3.1-custom\lwjgl-bgfx-natives-windows.jar;C:\Users\leos.karasek\IdeaProjects\lwjgl-release-3.3.1-custom\lwjgl-bgfx.jar;C:\Users\leos.karasek\IdeaProjects\lwjgl-release-3.3.1-custom\lwjgl-cuda.jar;C:\Users\leos.karasek\IdeaProjects\lwjgl-release-3.3.1-custom\lwjgl-egl.jar;C:\Users\leos.karasek\IdeaProjects\lwjgl-release-3.3.1-custom\lwjgl-glfw-natives-windows.jar;C:\Users\leos.karasek\IdeaProjects\lwjgl-release-3.3.1-custom\lwjgl-glfw.jar;C:\Users\leos.karasek\IdeaProjects\lwjgl-release-3.3.1-custom\lwjgl-jawt.jar;C:\Users\leos.karasek\IdeaProjects\lwjgl-release-3.3.1-custom\lwjgl-jemalloc-natives-windows.jar;C:\Users\leos.karasek\IdeaProjects\lwjgl-release-3.3.1-custom\lwjgl-jemalloc.jar;C:\Users\leos.karasek\IdeaProjects\lwjgl-release-3.3.1-custom\lwjgl-libdivide-natives-windows.jar;C:\Users\leos.karasek\IdeaProjects\lwjgl-release-3.3.1-custom\lwjgl-libdivide.jar;C:\Users\leos.karasek\IdeaProjects\lwjgl-release-3.3.1-custom\lwjgl-llvm-natives-windows.jar;C:\Users\leos.karasek\IdeaProjects\lwjgl-release-3.3.1-custom\lwjgl-llvm.jar;C:\Users\leos.karasek\IdeaProjects\lwjgl-release-3.3.1-custom\lwjgl-lmdb-natives-windows.jar;C:\Users\leos.karasek\IdeaProjects\lwjgl-release-3.3.1-custom\lwjgl-lmdb.jar;C:\Users\leos.karasek\IdeaProjects\lwjgl-release-3.3.1-custom\lwjgl-lz4-natives-windows.jar;C:\Users\leos.karasek\IdeaProjects\lwjgl-release-3.3.1-custom\lwjgl-lz4.jar;C:\Users\leos.karasek\IdeaProjects\lwjgl-release-3.3.1-custom\lwjgl-meow-natives-windows.jar;C:\Users\leos.karasek\IdeaProjects\lwjgl-release-3.3.1-custom\lwjgl-meow.jar;C:\Users\leos.karasek\IdeaProjects\lwjgl-release-3.3.1-custom\lwjgl-meshoptimizer-natives-windows.jar;C:\Users\leos.karasek
Launcher Type: SUN_STANDARD

[Global flags]
     intx CICompilerCount                          = 12                                        {product} {ergonomic}
     uint ConcGCThreads                            = 3                                         {product} {ergonomic}
     uint G1ConcRefinementThreads                  = 13                                        {product} {ergonomic}
   size_t G1HeapRegionSize                         = 2097152                                   {product} {ergonomic}
    uintx GCDrainStackTargetSize                   = 64                                        {product} {ergonomic}
   size_t InitialHeapSize                          = 249561088                                 {product} {ergonomic}
   size_t MarkStackSize                            = 4194304                                   {product} {ergonomic}
   size_t MaxHeapSize                              = 3980394496                                {product} {ergonomic}
   size_t MaxNewSize                               = 2386558976                                {product} {ergonomic}
   size_t MinHeapDeltaBytes                        = 2097152                                   {product} {ergonomic}
   size_t MinHeapSize                              = 8388608                                   {product} {ergonomic}
    uintx NonNMethodCodeHeapSize                   = 7602480                                {pd product} {ergonomic}
    uintx NonProfiledCodeHeapSize                  = 122027880                              {pd product} {ergonomic}
    uintx ProfiledCodeHeapSize                     = 122027880                              {pd product} {ergonomic}
    uintx ReservedCodeCacheSize                    = 251658240                              {pd product} {ergonomic}
     bool SegmentedCodeCache                       = true                                      {product} {ergonomic}
   size_t SoftMaxHeapSize                          = 3980394496                             {manageable} {ergonomic}
     bool UseCompressedClassPointers               = true                                 {lp64_product} {ergonomic}
     bool UseCompressedOops                        = true                                 {lp64_product} {ergonomic}
     bool UseG1GC                                  = true                                      {product} {ergonomic}
     bool UseLargePagesIndividualAllocation        = false                                  {pd product} {ergonomic}

Logging:
Log output configuration:
 #0: stdout all=warning uptime,level,tags
 #1: stderr all=off uptime,level,tags

Environment Variables:
JAVA_HOME=C:\Program Files\Amazon Corretto\jdk15.0.2_7
PATH=C:\Python\Python38-64\Scripts\;C:\Python\Python38-64\;C:\Program Files\Amazon Corretto\jdk15.0.2_7\bin;C:\Windows\system32;C:\Windows;C:\Windows\System32\Wbem;C:\Windows\System32\WindowsPowerShell\v1.0\;C:\Windows\System32\OpenSSH\;C:\Program Files\Microsoft SQL Server\150\Tools\Binn\;C:\Program Files\Microsoft SQL Server\Client SDK\ODBC\170\Tools\Binn\;C:\Program Files\dotnet\;C:\Program Files\PuTTY\;C:\Program Files (x86)\Microsoft SQL Server\150\DTS\Binn\;C:\Program Files\Azure Data Studio\bin;C:\WINDOWS\system32;C:\WINDOWS;C:\WINDOWS\System32\Wbem;C:\WINDOWS\System32\WindowsPowerShell\v1.0\;C:\WINDOWS\System32\OpenSSH\;C:\Program Files\Git\cmd;C:\Users\leos.karasek\AppData\Local\Microsoft\WindowsApps;C:\Users\leos.karasek\.dotnet\tools;C:\Program Files\Azure Data Studio\bin;;C:\Users\leos.karasek\AppData\Local\Programs\Microsoft VS Code\bin
USERNAME=leos.karasek
OS=Windows_NT
PROCESSOR_IDENTIFIER=AMD64 Family 25 Model 80 Stepping 0, AuthenticAMD



---------------  S Y S T E M  ---------------

OS:
 Windows 10 , 64 bit Build 22621 (10.0.22621.1485)
OS uptime: 0 days 5:27 hours
HyperV virtualization detected

CPU: total 16 (initial active 16) (16 cores per cpu, 2 threads per core) family 25 model 80 stepping 0 microcode 0x0, cmov, cx8, fxsr, mmx, sse, sse2, sse3, ssse3, sse4.1, sse4.2, popcnt, vzeroupper, avx, avx2, aes, clmul, erms, 3dnowpref, lzcnt, sse4a, ht, tsc, tscinvbit, tscinv, bmi1, bmi2, adx, sha, fma, clflush, clflushopt

Memory: 4k page, system-wide physical 15182M (5585M free)
TotalPageFile size 22862M (AvailPageFile size 9967M)
current process WorkingSet (physical memory assigned to process): 124M, peak: 126M
current process commit charge ("private bytes"): 460M, peak: 462M

vm_info: OpenJDK 64-Bit Server VM (15.0.2+7) for windows-amd64 JRE (15.0.2+7), built on Jan 20 2021 22:17:45 by "Administrator" with MS VC++ 15.9 (VS2017)

END.
